<?xml version="1.0" encoding="UTF-8"?>
<testsuite xmlns:xsi="http://www.w3.org/2001/XMLSchema-instance" xsi:noNamespaceSchemaLocation="https://maven.apache.org/surefire/maven-surefire-plugin/xsd/surefire-test-report.xsd" name="AccountTest" time="0.509" tests="7" errors="0" skipped="0" failures="0">
  <properties>
[...]
</properties>
  <testcase name="AccountTest[0]" classname="AccountTest" time="0.299"/>
  <testcase name="AccountTest[1]" classname="AccountTest" time="0"/>
  <testcase name="AccountTest[2]" classname="AccountTest" time="0.002"/>
  <testcase name="AccountTest[3]" classname="AccountTest" time="0.002"/>
  <testcase name="AccountTest[4]" classname="AccountTest" time="0.002"/>
  <testcase name="AccountTest[5]" classname="AccountTest" time="0.002"/>
  <testcase name="AccountTest[6]" classname="AccountTest" time="0.003"/>
</testsuite>